{"/Users/dong/Documents/GitHub/ai-dev-tasks-Carson/nsw-strata-automation/workflows/webhook-signature-verification.js": {"path":"/Users/dong/Documents/GitHub/ai-dev-tasks-Carson/nsw-strata-automation/workflows/webhook-signature-verification.js","statementMap":{"0":{"start":{"line":14,"column":15},"end":{"line":14,"column":32}},"1":{"start":{"line":21,"column":24},"end":{"line":24,"column":1}},"2":{"start":{"line":27,"column":26},"end":{"line":32,"column":1}},"3":{"start":{"line":46,"column":2},"end":{"line":49,"column":3}},"4":{"start":{"line":47,"column":4},"end":{"line":47,"column":87}},"5":{"start":{"line":48,"column":4},"end":{"line":48,"column":17}},"6":{"start":{"line":51,"column":2},"end":{"line":80,"column":3}},"7":{"start":{"line":53,"column":17},"end":{"line":53,"column":52}},"8":{"start":{"line":54,"column":4},"end":{"line":54,"column":33}},"9":{"start":{"line":55,"column":30},"end":{"line":55,"column":48}},"10":{"start":{"line":58,"column":28},"end":{"line":58,"column":58}},"11":{"start":{"line":59,"column":27},"end":{"line":59,"column":65}},"12":{"start":{"line":61,"column":4},"end":{"line":64,"column":5}},"13":{"start":{"line":62,"column":6},"end":{"line":62,"column":60}},"14":{"start":{"line":63,"column":6},"end":{"line":63,"column":19}},"15":{"start":{"line":67,"column":20},"end":{"line":67,"column":75}},"16":{"start":{"line":69,"column":4},"end":{"line":73,"column":5}},"17":{"start":{"line":70,"column":6},"end":{"line":70,"column":64}},"18":{"start":{"line":71,"column":6},"end":{"line":71,"column":63}},"19":{"start":{"line":72,"column":6},"end":{"line":72,"column":55}},"20":{"start":{"line":75,"column":4},"end":{"line":75,"column":19}},"21":{"start":{"line":78,"column":4},"end":{"line":78,"column":84}},"22":{"start":{"line":79,"column":4},"end":{"line":79,"column":17}},"23":{"start":{"line":89,"column":20},"end":{"line":89,"column":64}},"24":{"start":{"line":90,"column":18},"end":{"line":90,"column":46}},"25":{"start":{"line":91,"column":17},"end":{"line":91,"column":42}},"26":{"start":{"line":93,"column":2},"end":{"line":98,"column":3}},"27":{"start":{"line":94,"column":4},"end":{"line":97,"column":6}},"28":{"start":{"line":100,"column":18},"end":{"line":100,"column":62}},"29":{"start":{"line":102,"column":2},"end":{"line":105,"column":4}},"30":{"start":{"line":114,"column":20},"end":{"line":114,"column":61}},"31":{"start":{"line":115,"column":18},"end":{"line":115,"column":46}},"32":{"start":{"line":116,"column":17},"end":{"line":116,"column":39}},"33":{"start":{"line":118,"column":2},"end":{"line":123,"column":3}},"34":{"start":{"line":119,"column":4},"end":{"line":122,"column":6}},"35":{"start":{"line":125,"column":18},"end":{"line":125,"column":62}},"36":{"start":{"line":127,"column":2},"end":{"line":130,"column":4}},"37":{"start":{"line":140,"column":2},"end":{"line":145,"column":3}},"38":{"start":{"line":141,"column":4},"end":{"line":144,"column":6}},"39":{"start":{"line":147,"column":14},"end":{"line":147,"column":43}},"40":{"start":{"line":148,"column":14},"end":{"line":148,"column":29}},"41":{"start":{"line":150,"column":2},"end":{"line":155,"column":3}},"42":{"start":{"line":151,"column":4},"end":{"line":154,"column":6}},"43":{"start":{"line":157,"column":2},"end":{"line":162,"column":3}},"44":{"start":{"line":158,"column":4},"end":{"line":161,"column":6}},"45":{"start":{"line":164,"column":2},"end":{"line":167,"column":4}},"46":{"start":{"line":177,"column":24},"end":{"line":177,"column":87}},"47":{"start":{"line":178,"column":15},"end":{"line":178,"column":50}},"48":{"start":{"line":179,"column":2},"end":{"line":179,"column":37}},"49":{"start":{"line":180,"column":2},"end":{"line":180,"column":28}},"50":{"start":{"line":197,"column":2},"end":{"line":210,"column":3}},"51":{"start":{"line":199,"column":6},"end":{"line":199,"column":56}},"52":{"start":{"line":200,"column":6},"end":{"line":200,"column":12}},"53":{"start":{"line":202,"column":6},"end":{"line":202,"column":53}},"54":{"start":{"line":203,"column":6},"end":{"line":203,"column":12}},"55":{"start":{"line":205,"column":6},"end":{"line":209,"column":8}},"56":{"start":{"line":212,"column":2},"end":{"line":221,"column":3}},"57":{"start":{"line":213,"column":4},"end":{"line":220,"column":6}},"58":{"start":{"line":224,"column":20},"end":{"line":224,"column":84}},"59":{"start":{"line":225,"column":24},"end":{"line":225,"column":52}},"60":{"start":{"line":227,"column":2},"end":{"line":241,"column":3}},"61":{"start":{"line":228,"column":4},"end":{"line":228,"column":59}},"62":{"start":{"line":230,"column":4},"end":{"line":240,"column":5}},"63":{"start":{"line":231,"column":6},"end":{"line":239,"column":8}},"64":{"start":{"line":244,"column":2},"end":{"line":252,"column":4}},"65":{"start":{"line":265,"column":18},"end":{"line":268,"column":3}},"66":{"start":{"line":271,"column":22},"end":{"line":271,"column":33}},"67":{"start":{"line":272,"column":17},"end":{"line":272,"column":60}},"68":{"start":{"line":275,"column":2},"end":{"line":291,"column":3}},"69":{"start":{"line":277,"column":4},"end":{"line":281,"column":7}},"70":{"start":{"line":284,"column":4},"end":{"line":290,"column":6}},"71":{"start":{"line":294,"column":2},"end":{"line":300,"column":4}},"72":{"start":{"line":307,"column":0},"end":{"line":317,"column":2}}},"fnMap":{"0":{"name":"verifyHMACSHA256","decl":{"start":{"line":45,"column":9},"end":{"line":45,"column":25}},"loc":{"start":{"line":45,"column":54},"end":{"line":81,"column":1}},"line":45},"1":{"name":"verifyFreshdeskWebhook","decl":{"start":{"line":88,"column":9},"end":{"line":88,"column":31}},"loc":{"start":{"line":88,"column":41},"end":{"line":106,"column":1}},"line":88},"2":{"name":"verifyCustomWebhook","decl":{"start":{"line":113,"column":9},"end":{"line":113,"column":28}},"loc":{"start":{"line":113,"column":38},"end":{"line":131,"column":1}},"line":113},"3":{"name":"verifyTimestamp","decl":{"start":{"line":139,"column":9},"end":{"line":139,"column":24}},"loc":{"start":{"line":139,"column":60},"end":{"line":168,"column":1}},"line":139},"4":{"name":"generateSignature","decl":{"start":{"line":176,"column":9},"end":{"line":176,"column":26}},"loc":{"start":{"line":176,"column":44},"end":{"line":181,"column":1}},"line":176},"5":{"name":"verifyWebhookComplete","decl":{"start":{"line":193,"column":9},"end":{"line":193,"column":30}},"loc":{"start":{"line":193,"column":67},"end":{"line":253,"column":1}},"line":193},"6":{"name":"n8nWebhookVerification","decl":{"start":{"line":263,"column":9},"end":{"line":263,"column":31}},"loc":{"start":{"line":263,"column":34},"end":{"line":301,"column":1}},"line":263}},"branchMap":{"0":{"loc":{"start":{"line":22,"column":13},"end":{"line":22,"column":81}},"type":"binary-expr","locations":[{"start":{"line":22,"column":13},"end":{"line":22,"column":49}},{"start":{"line":22,"column":53},"end":{"line":22,"column":81}}],"line":22},"1":{"loc":{"start":{"line":23,"column":10},"end":{"line":23,"column":72}},"type":"binary-expr","locations":[{"start":{"line":23,"column":10},"end":{"line":23,"column":43}},{"start":{"line":23,"column":47},"end":{"line":23,"column":72}}],"line":23},"2":{"loc":{"start":{"line":46,"column":2},"end":{"line":49,"column":3}},"type":"if","locations":[{"start":{"line":46,"column":2},"end":{"line":49,"column":3}},{"start":{},"end":{}}],"line":46},"3":{"loc":{"start":{"line":46,"column":6},"end":{"line":46,"column":39}},"type":"binary-expr","locations":[{"start":{"line":46,"column":6},"end":{"line":46,"column":14}},{"start":{"line":46,"column":18},"end":{"line":46,"column":28}},{"start":{"line":46,"column":32},"end":{"line":46,"column":39}}],"line":46},"4":{"loc":{"start":{"line":61,"column":4},"end":{"line":64,"column":5}},"type":"if","locations":[{"start":{"line":61,"column":4},"end":{"line":64,"column":5}},{"start":{},"end":{}}],"line":61},"5":{"loc":{"start":{"line":69,"column":4},"end":{"line":73,"column":5}},"type":"if","locations":[{"start":{"line":69,"column":4},"end":{"line":73,"column":5}},{"start":{},"end":{}}],"line":69},"6":{"loc":{"start":{"line":93,"column":2},"end":{"line":98,"column":3}},"type":"if","locations":[{"start":{"line":93,"column":2},"end":{"line":98,"column":3}},{"start":{},"end":{}}],"line":93},"7":{"loc":{"start":{"line":104,"column":11},"end":{"line":104,"column":47}},"type":"cond-expr","locations":[{"start":{"line":104,"column":21},"end":{"line":104,"column":25}},{"start":{"line":104,"column":28},"end":{"line":104,"column":47}}],"line":104},"8":{"loc":{"start":{"line":118,"column":2},"end":{"line":123,"column":3}},"type":"if","locations":[{"start":{"line":118,"column":2},"end":{"line":123,"column":3}},{"start":{},"end":{}}],"line":118},"9":{"loc":{"start":{"line":129,"column":11},"end":{"line":129,"column":47}},"type":"cond-expr","locations":[{"start":{"line":129,"column":21},"end":{"line":129,"column":25}},{"start":{"line":129,"column":28},"end":{"line":129,"column":47}}],"line":129},"10":{"loc":{"start":{"line":139,"column":36},"end":{"line":139,"column":58}},"type":"default-arg","locations":[{"start":{"line":139,"column":55},"end":{"line":139,"column":58}}],"line":139},"11":{"loc":{"start":{"line":140,"column":2},"end":{"line":145,"column":3}},"type":"if","locations":[{"start":{"line":140,"column":2},"end":{"line":145,"column":3}},{"start":{},"end":{}}],"line":140},"12":{"loc":{"start":{"line":150,"column":2},"end":{"line":155,"column":3}},"type":"if","locations":[{"start":{"line":150,"column":2},"end":{"line":155,"column":3}},{"start":{},"end":{}}],"line":150},"13":{"loc":{"start":{"line":157,"column":2},"end":{"line":162,"column":3}},"type":"if","locations":[{"start":{"line":157,"column":2},"end":{"line":162,"column":3}},{"start":{},"end":{}}],"line":157},"14":{"loc":{"start":{"line":177,"column":24},"end":{"line":177,"column":87}},"type":"cond-expr","locations":[{"start":{"line":177,"column":54},"end":{"line":177,"column":61}},{"start":{"line":177,"column":64},"end":{"line":177,"column":87}}],"line":177},"15":{"loc":{"start":{"line":193,"column":40},"end":{"line":193,"column":65}},"type":"default-arg","locations":[{"start":{"line":193,"column":54},"end":{"line":193,"column":65}}],"line":193},"16":{"loc":{"start":{"line":197,"column":2},"end":{"line":210,"column":3}},"type":"switch","locations":[{"start":{"line":198,"column":4},"end":{"line":200,"column":12}},{"start":{"line":201,"column":4},"end":{"line":203,"column":12}},{"start":{"line":204,"column":4},"end":{"line":209,"column":8}}],"line":197},"17":{"loc":{"start":{"line":212,"column":2},"end":{"line":221,"column":3}},"type":"if","locations":[{"start":{"line":212,"column":2},"end":{"line":221,"column":3}},{"start":{},"end":{}}],"line":212},"18":{"loc":{"start":{"line":224,"column":20},"end":{"line":224,"column":84}},"type":"binary-expr","locations":[{"start":{"line":224,"column":20},"end":{"line":224,"column":58}},{"start":{"line":224,"column":62},"end":{"line":224,"column":84}}],"line":224},"19":{"loc":{"start":{"line":227,"column":2},"end":{"line":241,"column":3}},"type":"if","locations":[{"start":{"line":227,"column":2},"end":{"line":241,"column":3}},{"start":{},"end":{}}],"line":227},"20":{"loc":{"start":{"line":230,"column":4},"end":{"line":240,"column":5}},"type":"if","locations":[{"start":{"line":230,"column":4},"end":{"line":240,"column":5}},{"start":{},"end":{}}],"line":230},"21":{"loc":{"start":{"line":249,"column":22},"end":{"line":249,"column":45}},"type":"cond-expr","locations":[{"start":{"line":249,"column":34},"end":{"line":249,"column":38}},{"start":{"line":249,"column":41},"end":{"line":249,"column":45}}],"line":249},"22":{"loc":{"start":{"line":275,"column":2},"end":{"line":291,"column":3}},"type":"if","locations":[{"start":{"line":275,"column":2},"end":{"line":291,"column":3}},{"start":{},"end":{}}],"line":275},"23":{"loc":{"start":{"line":279,"column":10},"end":{"line":279,"column":78}},"type":"binary-expr","locations":[{"start":{"line":279,"column":10},"end":{"line":279,"column":39}},{"start":{"line":279,"column":43},"end":{"line":279,"column":78}}],"line":279}},"s":{"0":0,"1":0,"2":0,"3":0,"4":0,"5":0,"6":0,"7":0,"8":0,"9":0,"10":0,"11":0,"12":0,"13":0,"14":0,"15":0,"16":0,"17":0,"18":0,"19":0,"20":0,"21":0,"22":0,"23":0,"24":0,"25":0,"26":0,"27":0,"28":0,"29":0,"30":0,"31":0,"32":0,"33":0,"34":0,"35":0,"36":0,"37":0,"38":0,"39":0,"40":0,"41":0,"42":0,"43":0,"44":0,"45":0,"46":0,"47":0,"48":0,"49":0,"50":0,"51":0,"52":0,"53":0,"54":0,"55":0,"56":0,"57":0,"58":0,"59":0,"60":0,"61":0,"62":0,"63":0,"64":0,"65":0,"66":0,"67":0,"68":0,"69":0,"70":0,"71":0,"72":0},"f":{"0":0,"1":0,"2":0,"3":0,"4":0,"5":0,"6":0},"b":{"0":[0,0],"1":[0,0],"2":[0,0],"3":[0,0,0],"4":[0,0],"5":[0,0],"6":[0,0],"7":[0,0],"8":[0,0],"9":[0,0],"10":[0],"11":[0,0],"12":[0,0],"13":[0,0],"14":[0,0],"15":[0],"16":[0,0,0],"17":[0,0],"18":[0,0],"19":[0,0],"20":[0,0],"21":[0,0],"22":[0,0],"23":[0,0]}}
}
