TN:
SF:workflows/webhook-signature-verification.js
FN:45,verifyHMACSHA256
FN:88,verifyFreshdeskWebhook
FN:113,verifyCustomWebhook
FN:139,verifyTimestamp
FN:176,generateSignature
FN:193,verifyWebhookComplete
FN:263,n8nWebhookVerification
FNF:7
FNH:0
FNDA:0,verifyHMACSHA256
FNDA:0,verifyFreshdeskWebhook
FNDA:0,verifyCustomWebhook
FNDA:0,verifyTimestamp
FNDA:0,generateSignature
FNDA:0,verifyWebhookComplete
FNDA:0,n8nWebhookVerification
DA:14,0
DA:21,0
DA:27,0
DA:46,0
DA:47,0
DA:48,0
DA:51,0
DA:53,0
DA:54,0
DA:55,0
DA:58,0
DA:59,0
DA:61,0
DA:62,0
DA:63,0
DA:67,0
DA:69,0
DA:70,0
DA:71,0
DA:72,0
DA:75,0
DA:78,0
DA:79,0
DA:89,0
DA:90,0
DA:91,0
DA:93,0
DA:94,0
DA:100,0
DA:102,0
DA:114,0
DA:115,0
DA:116,0
DA:118,0
DA:119,0
DA:125,0
DA:127,0
DA:140,0
DA:141,0
DA:147,0
DA:148,0
DA:150,0
DA:151,0
DA:157,0
DA:158,0
DA:164,0
DA:177,0
DA:178,0
DA:179,0
DA:180,0
DA:197,0
DA:199,0
DA:200,0
DA:202,0
DA:203,0
DA:205,0
DA:212,0
DA:213,0
DA:224,0
DA:225,0
DA:227,0
DA:228,0
DA:230,0
DA:231,0
DA:244,0
DA:265,0
DA:271,0
DA:272,0
DA:275,0
DA:277,0
DA:284,0
DA:294,0
DA:307,0
LF:73
LH:0
BRDA:22,0,0,0
BRDA:22,0,1,0
BRDA:23,1,0,0
BRDA:23,1,1,0
BRDA:46,2,0,0
BRDA:46,2,1,0
BRDA:46,3,0,0
BRDA:46,3,1,0
BRDA:46,3,2,0
BRDA:61,4,0,0
BRDA:61,4,1,0
BRDA:69,5,0,0
BRDA:69,5,1,0
BRDA:93,6,0,0
BRDA:93,6,1,0
BRDA:104,7,0,0
BRDA:104,7,1,0
BRDA:118,8,0,0
BRDA:118,8,1,0
BRDA:129,9,0,0
BRDA:129,9,1,0
BRDA:139,10,0,0
BRDA:140,11,0,0
BRDA:140,11,1,0
BRDA:150,12,0,0
BRDA:150,12,1,0
BRDA:157,13,0,0
BRDA:157,13,1,0
BRDA:177,14,0,0
BRDA:177,14,1,0
BRDA:193,15,0,0
BRDA:197,16,0,0
BRDA:197,16,1,0
BRDA:197,16,2,0
BRDA:212,17,0,0
BRDA:212,17,1,0
BRDA:224,18,0,0
BRDA:224,18,1,0
BRDA:227,19,0,0
BRDA:227,19,1,0
BRDA:230,20,0,0
BRDA:230,20,1,0
BRDA:249,21,0,0
BRDA:249,21,1,0
BRDA:275,22,0,0
BRDA:275,22,1,0
BRDA:279,23,0,0
BRDA:279,23,1,0
BRF:48
BRH:0
end_of_record
